app/seeds.txt
ir.dayasoft.steelpars.Activity.AboutActivity
ir.dayasoft.steelpars.Activity.AboutActivity: AboutActivity()
ir.dayasoft.steelpars.Activity.AboutDaya
ir.dayasoft.steelpars.Activity.AboutDaya: AboutDaya()
ir.dayasoft.steelpars.Activity.AccountActivity
ir.dayasoft.steelpars.Activity.AccountActivity: AccountActivity()
ir.dayasoft.steelpars.Activity.BaseActivity
ir.dayasoft.steelpars.Activity.BaseActivity: BaseActivity()
ir.dayasoft.steelpars.Activity.BranchActivity
ir.dayasoft.steelpars.Activity.BranchActivity: BranchActivity()
ir.dayasoft.steelpars.Activity.CartActivity
ir.dayasoft.steelpars.Activity.CartActivity: CartActivity()
ir.dayasoft.steelpars.Activity.CategoryActivity
ir.dayasoft.steelpars.Activity.CategoryActivity: CategoryActivity()
ir.dayasoft.steelpars.Activity.FullScreenViewActivity
ir.dayasoft.steelpars.Activity.FullScreenViewActivity: FullScreenViewActivity()
ir.dayasoft.steelpars.Activity.GuaranteeActivatorActivity
ir.dayasoft.steelpars.Activity.GuaranteeActivatorActivity: GuaranteeActivatorActivity()
ir.dayasoft.steelpars.Activity.GuaranteeActivatorActivity$PlaceholderFragment
ir.dayasoft.steelpars.Activity.GuaranteeActivity
ir.dayasoft.steelpars.Activity.GuaranteeActivity: GuaranteeActivity()
ir.dayasoft.steelpars.Activity.GuaranteeActivity$PlaceholderFragment
ir.dayasoft.steelpars.Activity.InvoiceActivity
ir.dayasoft.steelpars.Activity.InvoiceActivity: InvoiceActivity()
ir.dayasoft.steelpars.Activity.LoginActivity
ir.dayasoft.steelpars.Activity.PaymentActivity
ir.dayasoft.steelpars.Activity.PaymentActivity: PaymentActivity()
ir.dayasoft.steelpars.Activity.PreInvoiceActivity
ir.dayasoft.steelpars.Activity.PreInvoiceActivity: PreInvoiceActivity()
ir.dayasoft.steelpars.Activity.ProductActivity
ir.dayasoft.steelpars.Activity.ProductActivity: ProductActivity()
ir.dayasoft.steelpars.Activity.ProductActivity$PlaceholderFragment
ir.dayasoft.steelpars.Activity.SignUpActivity
ir.dayasoft.steelpars.Activity.SignUpActivity: SignUpActivity()
ir.dayasoft.steelpars.Activity.SplashActivity
ir.dayasoft.steelpars.Activity.SplashActivity: SplashActivity()
ir.dayasoft.steelpars.Activity.SplashActivity$PlaceholderFragment
ir.dayasoft.steelpars.Activity.SubCategoryActivity
ir.dayasoft.steelpars.Activity.SubCategoryActivity: SubCategoryActivity()
ir.dayasoft.steelpars.Class.TouchImageView
ir.dayasoft.steelpars.Class.TouchImageView: TouchImageView(android.content.Context)
ir.dayasoft.steelpars.Class.TouchImageView: TouchImageView(android.content.Context,android.util.AttributeSet)
ir.dayasoft.steelpars.Class.TouchImageView: void setMaxZoom(float)
ir.dayasoft.steelpars.Fragment.AboutFragment
ir.dayasoft.steelpars.Fragment.AccountFragment
ir.dayasoft.steelpars.Fragment.BranchFragment
ir.dayasoft.steelpars.Fragment.CartFragment
ir.dayasoft.steelpars.Fragment.CategoryFragment
ir.dayasoft.steelpars.Fragment.EmptyCartFragment
ir.dayasoft.steelpars.Fragment.ForbiddenAccountPageFragment
ir.dayasoft.steelpars.Fragment.FullScreenViewFragment
ir.dayasoft.steelpars.Fragment.IntroFragment
ir.dayasoft.steelpars.Fragment.InvoiceDetailFragment
ir.dayasoft.steelpars.Fragment.InvoiceFragment
ir.dayasoft.steelpars.Fragment.PaymentFragment
ir.dayasoft.steelpars.Fragment.PreInvoiceFragment
ir.dayasoft.steelpars.Fragment.ProductDetailFragment
ir.dayasoft.steelpars.Fragment.ProfileFragment
ir.dayasoft.steelpars.Fragment.SignUpFragment
ir.dayasoft.steelpars.Fragment.WaitingForConfirmFragment
ir.dayasoft.steelpars.R$anim: int abc_fade_in
ir.dayasoft.steelpars.R$anim: int abc_fade_out
ir.dayasoft.steelpars.R$anim: int abc_grow_fade_in_from_bottom
ir.dayasoft.steelpars.R$anim: int abc_popup_enter
ir.dayasoft.steelpars.R$anim: int abc_popup_exit
ir.dayasoft.steelpars.R$anim: int abc_shrink_fade_out_from_bottom
ir.dayasoft.steelpars.R$anim: int abc_slide_in_bottom
ir.dayasoft.steelpars.R$anim: int abc_slide_in_top
ir.dayasoft.steelpars.R$anim: int abc_slide_out_bottom
ir.dayasoft.steelpars.R$anim: int abc_slide_out_top
...
org.kobjects.base64.Base64
org.kobjects.base64.Base64: char[] charTab
org.kobjects.base64.Base64: Base64()
org.kobjects.base64.Base64: java.lang.String encode(byte[])
org.kobjects.base64.Base64: java.lang.StringBuffer encode(byte[],int,int,java.lang.StringBuffer)
org.kobjects.base64.Base64: int decode(char)
org.kobjects.base64.Base64: byte[] decode(java.lang.String)
org.kobjects.base64.Base64: void decode(java.lang.String,java.io.OutputStream)
org.kobjects.base64.Base64: void <clinit>()
org.kobjects.crypt.Crypt
org.kobjects.crypt.Crypt: int ITERATIONS
org.kobjects.crypt.Crypt: int[] con_salt
org.kobjects.crypt.Crypt: boolean[] shifts2
org.kobjects.crypt.Crypt: int[][] skb
org.kobjects.crypt.Crypt: int[][] SPtrans
org.kobjects.crypt.Crypt: int[] cov_2char
org.kobjects.crypt.Crypt: Crypt()
org.kobjects.crypt.Crypt: int byteToUnsigned(byte)
org.kobjects.crypt.Crypt: int fourBytesToInt(byte[],int)
org.kobjects.crypt.Crypt: void intToFourBytes(int,byte[],int)
org.kobjects.crypt.Crypt: void PERM_OP(int,int,int,int,int[])
org.kobjects.crypt.Crypt: int HPERM_OP(int,int,int)
org.kobjects.crypt.Crypt: int[] des_set_key(byte[])
org.kobjects.crypt.Crypt: int D_ENCRYPT(int,int,int,int,int,int[])
org.kobjects.crypt.Crypt: int[] body(int[],int,int)
org.kobjects.crypt.Crypt: java.lang.String generate(java.lang.String)
org.kobjects.crypt.Crypt: boolean match(java.lang.String,java.lang.String)
org.kobjects.crypt.Crypt: java.lang.String crypt(java.lang.String,java.lang.String)
org.kobjects.crypt.Crypt: void main(java.lang.String[])
org.kobjects.crypt.Crypt: void <clinit>()
org.kobjects.io.BoundInputStream
org.kobjects.io.BoundInputStream: int remaining
org.kobjects.io.BoundInputStream: java.io.InputStream is
org.kobjects.io.BoundInputStream: BoundInputStream(java.io.InputStream,int)
org.kobjects.io.BoundInputStream: int available()
org.kobjects.io.BoundInputStream: int read()
org.kobjects.io.BoundInputStream: int read(byte[],int,int)
org.kobjects.io.BoundInputStream: void close()
org.kobjects.io.LookAheadReader
org.kobjects.io.LookAheadReader: char[] buf
org.kobjects.io.LookAheadReader: int bufPos
org.kobjects.io.LookAheadReader: int bufValid
org.kobjects.io.LookAheadReader: java.io.Reader reader
org.kobjects.io.LookAheadReader: LookAheadReader(java.io.Reader)
org.kobjects.io.LookAheadReader: int read(char[],int,int)
org.kobjects.io.LookAheadReader: java.lang.String readTo(java.lang.String)
org.kobjects.io.LookAheadReader: java.lang.String readTo(char)
org.kobjects.io.LookAheadReader: void close()
org.kobjects.io.LookAheadReader: int read()
org.kobjects.io.LookAheadReader: int peek(int)
org.kobjects.io.LookAheadReader: java.lang.String readLine()
org.kobjects.io.LookAheadReader: java.lang.String readWhile(java.lang.String)
org.kobjects.io.LookAheadReader: void skip(java.lang.String)
org.kobjects.isodate.IsoDate
org.kobjects.isodate.IsoDate: int DATE
org.kobjects.isodate.IsoDate: int TIME
org.kobjects.isodate.IsoDate: int DATE_TIME
org.kobjects.isodate.IsoDate: IsoDate()
org.kobjects.isodate.IsoDate: void dd(java.lang.StringBuffer,int)
org.kobjects.isodate.IsoDate: java.lang.String dateToString(java.util.Date,int)
org.kobjects.isodate.IsoDate: java.util.Date stringToDate(java.lang.String,int)