app/mapping.txt
ir.dayasoft.steelpars.Activity.AboutActivity -> ir.dayasoft.steelpars.Activity.AboutActivity:
    ir.dayasoft.steelpars.Activity.AboutActivity$CollectionPagerAdapter mCustomPagerAdapter -> n
    android.support.v4.view.ViewPager mViewPager -> o
    27:68:void onCreate(android.os.Bundle) -> onCreate
ir.dayasoft.steelpars.Activity.AboutActivity$1 -> aep:
    ir.dayasoft.steelpars.Activity.AboutActivity this$0 -> a
    52:54:void onPageScrolled(int,float,int) -> a
    58:60:void onPageSelected(int) -> a
    64:65:void onPageScrollStateChanged(int) -> b
ir.dayasoft.steelpars.Activity.AboutActivity$CollectionPagerAdapter -> aeq:
    ir.dayasoft.steelpars.Activity.AboutActivity this$0 -> a
    77:89:android.support.v4.app.Fragment getItem(int) -> a
    94:94:int getCount() -> b
    100:105:java.lang.CharSequence getPageTitle(int) -> b
ir.dayasoft.steelpars.Activity.AboutDaya -> ir.dayasoft.steelpars.Activity.AboutDaya:
    18:27:void onCreate(android.os.Bundle) -> onCreate
    32:33:boolean onCreateOptionsMenu(android.view.Menu) -> onCreateOptionsMenu
    41:48:boolean onOptionsItemSelected(android.view.MenuItem) -> onOptionsItemSelected
ir.dayasoft.steelpars.Activity.AccountActivity -> ir.dayasoft.steelpars.Activity.AccountActivity:
    android.content.Context context -> n
    20:54:void onCreate(android.os.Bundle) -> onCreate
ir.dayasoft.steelpars.Activity.BaseActivity -> ir.dayasoft.steelpars.Activity.BaseActivity:
    android.widget.TextView cartCounter -> p
    android.widget.FrameLayout cartValue -> q
    android.widget.RelativeLayout cartRelativeLayout -> r
    android.support.v4.widget.DrawerLayout mDrawerLayout -> n
    android.widget.ListView mDrawerList -> o
    java.lang.Boolean myReceiverIsRegistered -> s
    android.content.BroadcastReceiver broadcastReceiver -> t
    40:43:void ChangeToolbarColor(int) -> a
    63:180:void onCreate(android.os.Bundle) -> onCreate
    194:269:void selectItem(int) -> b
    274:280:void onResume() -> onResume
    286:291:void onPause() -> onPause
    33:33:android.support.v4.widget.DrawerLayout access$000(ir.dayasoft.steelpars.Activity.BaseActivity) -> a
    33:33:void access$200(ir.dayasoft.steelpars.Activity.BaseActivity,int) -> a
ir.dayasoft.steelpars.Activity.BaseActivity$1 -> aer:
    ir.dayasoft.steelpars.Activity.BaseActivity this$0 -> a
    53:57:void onReceive(android.content.Context,android.content.Intent) -> onReceive
ir.dayasoft.steelpars.Activity.BaseActivity$2 -> aes:
    ir.dayasoft.steelpars.Activity.BaseActivity this$0 -> a
    83:95:void onClick(android.view.View) -> onClick
ir.dayasoft.steelpars.Activity.BaseActivity$3 -> aet:
    ir.dayasoft.steelpars.Activity.BaseActivity this$0 -> a
    101:105:void onClick(android.view.View) -> onClick
ir.dayasoft.steelpars.Activity.BaseActivity$4 -> aeu:
    android.widget.ImageView val$holder_drawer -> a
    ir.dayasoft.steelpars.Activity.BaseActivity this$0 -> b
    158:159:void onDrawerSlide(android.view.View,float) -> a
    164:164:void onDrawerOpened(android.view.View) -> a
    168:169:void onDrawerClosed(android.view.View) -> b
    174:174:void onDrawerStateChanged(int) -> a
ir.dayasoft.steelpars.Activity.BaseActivity$DrawerItemClickListener -> aev:
    ir.dayasoft.steelpars.Activity.BaseActivity this$0 -> a
    187:188:void onItemClick(android.widget.AdapterView,android.view.View,int,long) -> onItemClick
ir.dayasoft.steelpars.Activity.BranchActivity -> ir.dayasoft.steelpars.Activity.BranchActivity:
    15:23:void onCreate(android.os.Bundle) -> onCreate
ir.dayasoft.steelpars.Activity.CartActivity -> ir.dayasoft.steelpars.Activity.CartActivity:
    18:36:void onCreate(android.os.Bundle) -> onCreate
ir.dayasoft.steelpars.Activity.CategoryActivity -> ir.dayasoft.steelpars.Activity.CategoryActivity:
    boolean exit -> n
    long timeFirst -> o
    long timeSecond -> u
    19:51:void onCreate(android.os.Bundle) -> onCreate
    57:74:void onBackPressed() -> onBackPressed
...
android.support.v4.view.ViewPager$ItemInfo -> kn:
    java.lang.Object object -> a
    int position -> b
    boolean scrolling -> c
    float widthFactor -> d
    float offset -> e
android.support.v4.view.ViewPager$LayoutParams -> android.support.v4.view.ViewPager$LayoutParams:
    boolean isDecor -> a
    int gravity -> b
    float widthFactor -> c
    boolean needsMeasure -> d
    int position -> e
    int childIndex -> f
android.support.v4.view.ViewPager$MyAccessibilityDelegate -> ko:
    android.support.v4.view.ViewPager this$0 -> b
    2771:2781:void onInitializeAccessibilityEvent(android.view.View,android.view.accessibility.AccessibilityEvent) -> d
    2785:2794:void onInitializeAccessibilityNodeInfo(android.view.View,android.support.v4.view.accessibility.AccessibilityNodeInfoCompat) -> a
    2798:2815:boolean performAccessibilityAction(android.view.View,int,android.os.Bundle) -> a
    2819:2819:boolean canScroll() -> b
android.support.v4.view.ViewPager$OnAdapterChangeListener -> kp:
    void onAdapterChanged(android.support.v4.view.PagerAdapter,android.support.v4.view.PagerAdapter) -> a
android.support.v4.view.ViewPager$OnPageChangeListener -> kq:
    void onPageScrolled(int,float,int) -> a
    void onPageSelected(int) -> a
    void onPageScrollStateChanged(int) -> b
android.support.v4.view.ViewPager$PageTransformer -> kr:
    void transformPage(android.view.View,float) -> a
android.support.v4.view.ViewPager$PagerObserver -> ks:
    android.support.v4.view.ViewPager this$0 -> a
    2826:2827:void onChanged() -> onChanged
    2830:2831:void onInvalidated() -> onInvalidated
android.support.v4.view.ViewPager$SavedState -> android.support.v4.view.ViewPager$SavedState:
    int position -> a
    android.os.Parcelable adapterState -> b
    java.lang.ClassLoader loader -> c
    android.os.Parcelable$Creator CREATOR -> CREATOR
    1228:1231:void writeToParcel(android.os.Parcel,int) -> writeToParcel
    1235:1235:java.lang.String toString() -> toString
android.support.v4.view.ViewPager$SavedState$1 -> kt:
    1244:1244:android.support.v4.view.ViewPager$SavedState createFromParcel(android.os.Parcel,java.lang.ClassLoader) -> b
    1248:1248:android.support.v4.view.ViewPager$SavedState[] newArray(int) -> b
    1241:1241:java.lang.Object[] newArray(int) -> a
    1241:1241:java.lang.Object createFromParcel(android.os.Parcel,java.lang.ClassLoader) -> a
android.support.v4.view.ViewPager$ViewPositionComparator -> ku:
    2889:2894:int compare(android.view.View,android.view.View) -> a
    2886:2886:int compare(java.lang.Object,java.lang.Object) -> compare
android.support.v4.view.ViewParentCompat -> kv:
    android.support.v4.view.ViewParentCompat$ViewParentCompatImpl IMPL -> a
    268:268:boolean onStartNestedScroll(android.view.ViewParent,android.view.View,android.view.View,int) -> a
    289:290:void onNestedScrollAccepted(android.view.ViewParent,android.view.View,android.view.View,int) -> b
    304:305:void onStopNestedScroll(android.view.ViewParent,android.view.View) -> a
    330:331:void onNestedScroll(android.view.ViewParent,android.view.View,int,int,int,int) -> a
    355:356:void onNestedPreScroll(android.view.ViewParent,android.view.View,int,int,int[]) -> a
    379:379:boolean onNestedFling(android.view.ViewParent,android.view.View,float,float,boolean) -> a
    404:404:boolean onNestedPreFling(android.view.ViewParent,android.view.View,float,float) -> a
android.support.v4.view.ViewParentCompat$ViewParentCompatICSImpl -> kw: