app/unused.txt
ir.dayasoft.steelpars.Activity.ProductActivity$PlaceholderFragment:
    android.view.View backgroundView
ir.dayasoft.steelpars.Adapter.BranchAdapter:
    23:25:public BranchAdapter(android.content.Context)
    33:35:public void setData(java.util.List)
ir.dayasoft.steelpars.Adapter.BranchAdapter$ViewHolder:
    android.widget.ImageView image_imageView
    android.widget.LinearLayout row_linearLayout
ir.dayasoft.steelpars.Adapter.CartAdapter:
    37:39:public CartAdapter(android.content.Context)
ir.dayasoft.steelpars.Adapter.CategoryAdapter:
    28:30:public CategoryAdapter(android.content.Context)
ir.dayasoft.steelpars.Adapter.DrawerAdapter:
    26:28:public DrawerAdapter(android.content.Context)
    36:38:public void setData(java.util.List)
ir.dayasoft.steelpars.Adapter.InvoiceAdapter:
    23:25:public InvoiceAdapter(android.content.Context)
    33:35:public void setData(java.util.List)
ir.dayasoft.steelpars.Adapter.InvoiceDetailAdapter:
    26:28:public InvoiceDetailAdapter(android.content.Context)
    36:38:public void setData(java.util.List)
ir.dayasoft.steelpars.Adapter.InvoiceDetailAdapter$ViewHolder:
    android.widget.TextView dateTextView
    android.widget.TextView invoiceNum
    int position
ir.dayasoft.steelpars.Adapter.ProductAdapter:
    30:32:public ProductAdapter(android.content.Context)
    39:41:public void setData(java.util.List)
ir.dayasoft.steelpars.Adapter.ProductAdapter$ViewHolder:
    int position
ir.dayasoft.steelpars.Adapter.ReceiveCartAdapter:
    24:26:public ReceiveCartAdapter(android.content.Context)
    34:36:public void setData(java.util.List)
ir.dayasoft.steelpars.Adapter.ReceiveCartAdapter$ViewHolder:
    int position
ir.dayasoft.steelpars.Adapter.SubCategoryAdapter:
    28:30:public SubCategoryAdapter(android.content.Context)
ir.dayasoft.steelpars.BuildConfig
ir.dayasoft.steelpars.Class.Archive
ir.dayasoft.steelpars.Class.Branch:
    public static final java.lang.String Tag
    153:182:public static java.util.List FillSampleBranch()
    214:235:public static ir.dayasoft.steelpars.Class.Branch GetSingleBranch(android.content.Context,long)
    318:336:public static void DeleteBranche(android.content.Context,long)
ir.dayasoft.steelpars.Class.Cart:
    public static final java.lang.String Tag
    78:78:public java.lang.String getProductUnit()
    281:313:public static int InsertCart(android.content.Context,java.util.List)
    344:382:public static ir.dayasoft.steelpars.Class.Cart InsertCart(android.content.Context,java.lang.Long,java.lang.String)
ir.dayasoft.steelpars.Class.Category:
    public static final java.lang.String Tag
    99:99:public java.lang.String getColor()
    107:161:public static java.util.List FillSampleCategory()
    216:237:public static ir.dayasoft.steelpars.Class.Category GetCategoryId(android.content.Context,long)
    324:342:public static void DeleteCategory(android.content.Context,long)
ir.dayasoft.steelpars.Class.CategoryColor:
    public static final java.lang.String Tag
    54:75:public static ir.dayasoft.steelpars.Class.CategoryColor GetSingleCategoryColor(android.content.Context,long)
    158:176:public static void DeleteCategoryColor(android.content.Context,long)
ir.dayasoft.steelpars.Class.City:
    public static final java.lang.String Json_City
    public static final java.lang.String Tag
    55:60:public static java.util.List GetCityString(android.content.Context)
    87:108:public static java.util.List GetCity(android.content.Context)
    167:185:public static void DeleteCity(android.content.Context,long)
    214:237:public static java.util.List ReadAndParseJSON(java.lang.String)
    248:263:public static java.lang.String toJSon(ir.dayasoft.steelpars.Class.City)
    270:293:public static java.lang.String toJSon(java.util.List)
...
android.support.v4.util.CircularArray
android.support.v4.util.CircularIntArray
android.support.v4.util.ContainerHelpers:
    19:19:ContainerHelpers()
    29:29:public static int idealLongArraySize(int)
    65:80:static int binarySearch(long[],int,long)
android.support.v4.util.DebugUtils:
    25:25:public DebugUtils()
android.support.v4.util.LongSparseArray
android.support.v4.util.LruCache:
    61:69:public void resize(int)
    193:209:public final java.lang.Object remove(java.lang.Object)
    271:272:public final void evictAll()
    280:280:public final synchronized int size()
    289:289:public final synchronized int maxSize()
    297:297:public final synchronized int hitCount()
    305:305:public final synchronized int missCount()
    312:312:public final synchronized int createCount()
    319:319:public final synchronized int putCount()
    326:326:public final synchronized int evictionCount()
    334:334:public final synchronized java.util.Map snapshot()
android.support.v4.util.Pair
android.support.v4.util.Pools
android.support.v4.util.Pools$Pool
android.support.v4.util.Pools$SimplePool
android.support.v4.util.Pools$SynchronizedPool
android.support.v4.util.SimpleArrayMap:
    private static final boolean DEBUG
    private static final java.lang.String TAG
    private static final int BASE_SIZE
    private static final int CACHE_SIZE
    217:225:public SimpleArrayMap(int)
    231:235:public SimpleArrayMap(android.support.v4.util.SimpleArrayMap)
    429:442:public void putAll(android.support.v4.util.SimpleArrayMap)
android.support.v4.util.SparseArrayCompat:
    76:76:public java.lang.Object get(int)
    85:90:public java.lang.Object get(int,java.lang.Object)
    98:106:public void delete(int)
    112:113:public void remove(int)
    119:123:public void removeAt(int)
    132:136:public void removeAtRange(int,int)
    172:216:public void put(int,java.lang.Object)
    263:268:public void setValueAt(int,java.lang.Object)
    276:280:public int indexOfKey(int)
    294:302:public int indexOfValue(java.lang.Object)
    325:352:public void append(int,java.lang.Object)
android.support.v4.util.TimeUtils
android.support.v4.view.AccessibilityDelegateCompatIcs:
    28:30:AccessibilityDelegateCompatIcs()
android.support.v4.view.AccessibilityDelegateCompatJellyBean:
    30:32:AccessibilityDelegateCompatJellyBean()
android.support.v4.view.ActionProvider:
    private static final java.lang.String TAG
    86:86:public android.content.Context getContext()
    145:148:public void refreshVisibility()
android.support.v4.view.GestureDetectorCompat
android.support.v4.view.GestureDetectorCompat$GestureDetectorCompatImpl
android.support.v4.view.GestureDetectorCompat$GestureDetectorCompatImplBase
android.support.v4.view.GestureDetectorCompat$GestureDetectorCompatImplBase$GestureHandler
android.support.v4.view.GestureDetectorCompat$GestureDetectorCompatImplJellybeanMr2
android.support.v4.view.GravityCompat:
    public static final int RELATIVE_LAYOUT_DIRECTION
    public static final int START
    public static final int END
    public static final int RELATIVE_HORIZONTAL_GRAVITY_MASK
    27:62:public GravityCompat()
    132:133:public static void apply(int,int,int,android.graphics.Rect,android.graphics.Rect,int)
    162:163:public static void apply(int,int,int,android.graphics.Rect,int,int,android.graphics.Rect,int)
    186:187:public static void applyDisplay(int,android.graphics.Rect,android.graphics.Rect,int)
android.support.v4.view.GravityCompat$GravityCompatImpl:
    public abstract void apply(int,int,int,android.graphics.Rect,android.graphics.Rect,int)
    public abstract void apply(int,int,int,android.graphics.Rect,int,int,android.graphics.Rect,int)
    public abstract void applyDisplay(int,android.graphics.Rect,android.graphics.Rect,int)